<?xml version="1.0" encoding="UTF-8"?>
<testsuite name="dgo.model.TestGoban" tests="2" skipped="0" failures="0" errors="0" timestamp="2017-07-09T04:27:25" hostname="ubuntu-server" time="0.015">
  <properties/>
  <testcase name="testDeadStoneRemoval" classname="dgo.model.TestGoban" time="0.013"/>
  <testcase name="testIllegalStoneRemoval" classname="dgo.model.TestGoban" time="0.002"/>
  <system-out><![CDATA[]]></system-out>
  <system-err><![CDATA[]]></system-err>
</testsuite>
